Arguments: 
  /usr/local/bin/node /opt/yarn-v1.21.1/bin/yarn.js add global expo-cli

PATH: 
  /usr/local/sbin:/usr/local/bin:/usr/sbin:/usr/bin:/sbin:/bin:/home/node/.npm-global/bin:/home/node/app/node_modules/.bin/:/home/node/.npm-global/bin:/home/node/app/node_modules/.bin/

Yarn version: 
  1.21.1

Node version: 
  12.14.1

Platform: 
  linux x64

Trace: 
  Error: EBUSY: resource busy or locked, unlink '/home/node/app/GameIsh/node_modules/mime/Mime.js'

npm manifest: 
  {
    "main": "node_modules/expo/AppEntry.js",
    "scripts": {
      "start": "expo start",
      "android": "expo start --android",
      "ios": "expo start --ios",
      "web": "expo start --web",
      "eject": "expo eject",
      "test": "jest --watchAll"
    },
    "jest": {
      "preset": "jest-expo"
    },
    "dependencies": {
      "@expo/samples": "~36.0.0",
      "@expo/vector-icons": "~10.0.0",
      "@react-navigation/web": "~1.0.0-alpha.9",
      "expo": "~36.0.0",
      "expo-asset": "~8.0.0",
      "expo-av": "^8.0.0",
      "expo-constants": "~8.0.0",
      "expo-font": "~8.0.0",
      "expo-web-browser": "~8.0.0",
      "react": "~16.9.0",
      "react-dom": "~16.9.0",
      "react-native": "https://github.com/expo/react-native/archive/sdk-36.0.0.tar.gz",
      "react-native-game-engine": "^1.1.1",
      "react-native-gesture-handler": "~1.5.0",
      "react-native-reanimated": "~1.4.0",
      "react-native-screens": "2.0.0-alpha.12",
      "react-native-web": "~0.11.7",
      "react-navigation": "~4.0.10",
      "react-navigation-stack": "~1.10.3",
      "react-navigation-tabs": "~2.6.2",
      "react-spring": "^8.0.27",
      "react-native-svg": "9.13.3"
    },
    "devDependencies": {
      "@babel/core": "^7.0.0",
      "babel-preset-expo": "~8.0.0",
      "chokidar": "^3.3.1",
      "jest-expo": "~36.0.1",
      "react-navigation-hooks": "^1.1.0"
    },
    "private": true
  }

yarn manifest: 
  No manifest

Lockfile: 
  No lockfile
